crypto_mbedtls.cpp
main.cpp
editor_settings.cpp
editor_help.cpp
resolve.cpp
roughness_limiter.cpp
sort_effects.cpp
luminance.cpp
smaa.cpp
fsr2.cpp
motion_vectors_store.cpp
ss_effects.cpp
taa.cpp
tone_mapper.cpp
vrs.cpp
sky.cpp
fog.cpp
spirv_reflect.c
forward_id_storage.cpp
gi.cpp
scene_shader_forward_clustered.cpp
mesh_storage.cpp
render_forward_mobile.cpp
material_storage.cpp
render_forward_clustered.cpp
scene_shader_forward_mobile.cpp
light_storage.cpp
render_data_rd.cpp
utilities.cpp
particles_storage.cpp
render_scene_buffers_rd.cpp
render_scene_data_rd.cpp
camera_attributes_storage.cpp
compositor_storage.cpp
mesh_storage.cpp
environment_storage.cpp
render_data.cpp
texture_storage.cpp
render_scene_data.cpp
render_scene_buffers.cpp
utilities.cpp
physics_server_2d_wrap_mt.cpp
physics_server_3d_wrap_mt.cpp
xr_server.cpp
xr_controller_tracker.cpp
xr_body_tracker.cpp
physics_server_3d.cpp
xr_hand_tracker.cpp
xr_interface.cpp
xr_face_tracker.cpp
xr_pose.cpp
physics_server_2d.cpp
fastlz.c
r128.c
smaz.c
pcg.cpp
polypartition.cpp
xr_tracker.cpp
constants.c
smolv.cpp
context.c
platform.c
dictionary.c
shared_dictionary.c
transform.c
xr_positional_tracker.cpp
bit_reader.c
huffman.c
state.c
xr_interface_extension.cpp
decode.c
adler32.c
compress.c
xr_vrs.cpp
crc32.c
deflate.c
inffast.c
inftrees.c
inflate.c
uncompr.c
trees.c
zutil.c
ioapi.c
unzip.c
zip.c
debug.c
error_private.c
entropy_common.c
clipper.rectclip.cpp
threading.c
pool.c
fse_decompress.c
xxhash.c
zstd_common.c
fse_compress.c
hist.c
clipper.offset.cpp
zstd_double_fast.c
huf_compress.c
zstd_fast.c
zstd_ldm.c
zstd_preSplit.c
zstdmt_compress.c
zstd_compress.c
zstd_compress_literals.c
clipper.engine.cpp
zstd_compress_sequences.c
zstd_compress_superblock.c
zstd_ddict.c
zstd_decompress.c
huf_decompress.c
zstd_decompress_block.c
zstd_opt.c
zstd_lazy.c
version_hash.gen.cpp
script_encryption_key.gen.cpp
keyboard.cpp
doc_data.cpp
memory.cpp
main_loop.cpp
mutex.cpp
midi_driver.cpp
thread.cpp
thread_safe.cpp
os.cpp
time.cpp
a_star.cpp
a_star_grid_2d.cpp
basis.cpp
aabb.cpp
color.cpp
dynamic_bvh.cpp
core_bind.cpp
face3.cpp
convex_hull.cpp
geometry_3d.cpp
register_core_types.cpp
math_funcs.cpp
math_fieldwise.cpp
plane.cpp
projection.cpp
quaternion.cpp
geometry_2d.cpp
expression.cpp
rect2.cpp
random_number_generator.cpp
rect2i.cpp
transform_2d.cpp
static_raycaster.cpp
transform_3d.cpp
random_pcg.cpp
transform_interpolator.cpp
quick_hull.cpp
triangulate.cpp
vector2i.cpp
vector2.cpp
vector3.cpp
vector3i.cpp
vector4.cpp
vector4i.cpp
triangle_mesh.cpp
hashing_context.cpp
crypto_core.cpp
aes_context.cpp
compression.cpp
editor_translation.cpp
crypto.cpp
dtls_server.cpp
config_file.cpp
dir_access.cpp
text_server_extension.cpp
core_constants.cpp
